<?xml version="1.0" encoding="UTF-8"?>
<!-- Generated by org.testng.reporters.JUnitXMLReporter -->
<testsuite ignored="0" hostname="Akhila-Banda" failures="0" tests="3" name="Test" time="0.184" errors="0" timestamp="2023-08-24T11:48:53 IST">
  <testcase classname="genericLibraries.BaseClass" name="@BeforeClass classConfiguration" time="0.049">
    <failure type="java.lang.NullPointerException" message="Cannot invoke &amp;quot;java.io.InputStream.markSupported()&amp;quot; because &amp;quot;stream&amp;quot; is null">
      <![CDATA[java.lang.NullPointerException: Cannot invoke "java.io.InputStream.markSupported()" because "stream" is null
at org.apache.poi.poifs.filesystem.FileMagic.prepareToCheckMagic(FileMagic.java:222)
at org.apache.poi.ss.usermodel.WorkbookFactory.create(WorkbookFactory.java:214)
at org.apache.poi.ss.usermodel.WorkbookFactory.create(WorkbookFactory.java:185)
at genericLibraries.ExcelUtility.excelInit(ExcelUtility.java:30)
at genericLibraries.BaseClass.classConfiguration(BaseClass.java:53)
at java.base/java.util.ArrayList.forEach(ArrayList.java:1511)
... Removed 25 stack frames]]>
    </failure>
  </testcase> <!-- @BeforeClass classConfiguration -->
  <testcase classname="genericLibraries.BaseClass" name="@BeforeMethod methoConfigaration" time="0.0">
    <skipped/>
  </testcase> <!-- @BeforeMethod methoConfigaration -->
  <testcase classname="genericLibraries.BaseClass" name="@AfterMethod methodTeardown" time="0.0">
    <skipped/>
  </testcase> <!-- @AfterMethod methodTeardown -->
  <testcase classname="genericLibraries.BaseClass" name="@AfterClass classTeardown" time="0.0">
    <skipped/>
  </testcase> <!-- @AfterClass classTeardown -->
  <testcase classname="genericLibraries.BaseClass" name="@BeforeClass classConfiguration" time="0.002">
    <failure type="java.lang.NullPointerException" message="Cannot invoke &amp;quot;java.io.InputStream.markSupported()&amp;quot; because &amp;quot;stream&amp;quot; is null">
      <![CDATA[java.lang.NullPointerException: Cannot invoke "java.io.InputStream.markSupported()" because "stream" is null
at org.apache.poi.poifs.filesystem.FileMagic.prepareToCheckMagic(FileMagic.java:222)
at org.apache.poi.ss.usermodel.WorkbookFactory.create(WorkbookFactory.java:214)
at org.apache.poi.ss.usermodel.WorkbookFactory.create(WorkbookFactory.java:185)
at genericLibraries.ExcelUtility.excelInit(ExcelUtility.java:30)
at genericLibraries.BaseClass.classConfiguration(BaseClass.java:53)
at java.base/java.util.ArrayList.forEach(ArrayList.java:1511)
... Removed 25 stack frames]]>
    </failure>
  </testcase> <!-- @BeforeClass classConfiguration -->
  <testcase classname="genericLibraries.BaseClass" name="@BeforeMethod methoConfigaration" time="0.0">
    <skipped/>
  </testcase> <!-- @BeforeMethod methoConfigaration -->
  <testcase classname="genericLibraries.BaseClass" name="@AfterMethod methodTeardown" time="0.0">
    <skipped/>
  </testcase> <!-- @AfterMethod methodTeardown -->
  <testcase classname="genericLibraries.BaseClass" name="@AfterClass classTeardown" time="0.0">
    <skipped/>
  </testcase> <!-- @AfterClass classTeardown -->
  <testcase classname="genericLibraries.BaseClass" name="@BeforeClass classConfiguration" time="0.003">
    <failure type="java.lang.NullPointerException" message="Cannot invoke &amp;quot;java.io.InputStream.markSupported()&amp;quot; because &amp;quot;stream&amp;quot; is null">
      <![CDATA[java.lang.NullPointerException: Cannot invoke "java.io.InputStream.markSupported()" because "stream" is null
at org.apache.poi.poifs.filesystem.FileMagic.prepareToCheckMagic(FileMagic.java:222)
at org.apache.poi.ss.usermodel.WorkbookFactory.create(WorkbookFactory.java:214)
at org.apache.poi.ss.usermodel.WorkbookFactory.create(WorkbookFactory.java:185)
at genericLibraries.ExcelUtility.excelInit(ExcelUtility.java:30)
at genericLibraries.BaseClass.classConfiguration(BaseClass.java:53)
at java.base/java.util.ArrayList.forEach(ArrayList.java:1511)
... Removed 25 stack frames]]>
    </failure>
  </testcase> <!-- @BeforeClass classConfiguration -->
  <testcase classname="genericLibraries.BaseClass" name="@BeforeMethod methoConfigaration" time="0.0">
    <skipped/>
  </testcase> <!-- @BeforeMethod methoConfigaration -->
  <testcase classname="genericLibraries.BaseClass" name="@AfterMethod methodTeardown" time="0.0">
    <skipped/>
  </testcase> <!-- @AfterMethod methodTeardown -->
  <testcase classname="genericLibraries.BaseClass" name="@AfterClass classTeardown" time="0.0">
    <skipped/>
  </testcase> <!-- @AfterClass classTeardown -->
  <testcase classname="TestScrpits.RegisterShopperTest" name="createAccount" time="0.0">
    <skipped/>
  </testcase> <!-- createAccount -->
  <testcase classname="TestScrpits.AddAddressTest" name="addAddresstest" time="0.001">
    <skipped/>
  </testcase> <!-- addAddresstest -->
  <testcase classname="TestScrpits.AddToCartTest" name="addToCartTest" time="0.0">
    <skipped/>
  </testcase> <!-- addToCartTest -->
</testsuite> <!-- Test -->
